<?xml version="1.0" encoding="UTF-8"?>
<!-- Generated by org.testng.reporters.JUnitXMLReporter -->
<testsuite hostname="gopinath-PC" ignored="0" name="Test" tests="1" failures="1" timestamp="31 Mar 2019 07:36:54 GMT" time="0.943" errors="0">
  <testcase name="sample" time="0.0" classname="PNC.baseTest">
    <failure type="org.testng.TestNGException" message="
Data Provider public java.util.ArrayList PNC.baseTest.retrivedata() throws java.io.IOException must return either Object[][] or Object[] or Iterator&amp;lt;Object[]&amp;gt; or Iterator&amp;lt;Object&amp;gt;, not class java.util.ArrayList">
      <![CDATA[org.testng.TestNGException: 
Data Provider public java.util.ArrayList PNC.baseTest.retrivedata() throws java.io.IOException must return either Object[][] or Object[] or Iterator<Object[]> or Iterator<Object>, not class java.util.ArrayList
... Removed 22 stack frames]]>
    </failure>
  </testcase> <!-- sample -->
</testsuite> <!-- Test -->
