<?xml version="1.0" encoding="UTF-8"?>
<testng-results skipped="0" failed="0" ignored="0" total="3" passed="3">
  <reporter-output>
  </reporter-output>
  <suite name="Suite" duration-ms="91" started-at="2019-02-20T09:29:03 IST" finished-at="2019-02-20T09:29:03 IST">
    <groups>
    </groups>
    <test name="Test" duration-ms="91" started-at="2019-02-20T09:29:03 IST" finished-at="2019-02-20T09:29:03 IST">
      <class name="PNC.AppTest">
        <test-method status="PASS" signature="AppTest()[pri:0, instance:PNC.AppTest@8a9f61]" name="AppTest" duration-ms="10" started-at="2019-02-20T09:29:03 IST" finished-at="2019-02-20T09:29:03 IST">
          <reporter-output>
          </reporter-output>
        </test-method> <!-- AppTest -->
        <test-method status="PASS" signature="suite()[pri:0, instance:PNC.AppTest@8a9f61]" name="suite" duration-ms="0" started-at="2019-02-20T09:29:03 IST" finished-at="2019-02-20T09:29:03 IST">
          <reporter-output>
          </reporter-output>
        </test-method> <!-- suite -->
        <test-method status="PASS" signature="testApp()[pri:0, instance:PNC.AppTest@8a9f61]" name="testApp" duration-ms="0" started-at="2019-02-20T09:29:03 IST" finished-at="2019-02-20T09:29:03 IST">
          <reporter-output>
          </reporter-output>
        </test-method> <!-- testApp -->
      </class> <!-- PNC.AppTest -->
    </test> <!-- Test -->
  </suite> <!-- Suite -->
</testng-results>
